\BOOKMARK [0][-]{chapter.1}{\376\377\0001\000\040\000D\000o\000c\000u\000m\000e\000n\000t\000a\000t\000i\000o\000n}{}% 1
\BOOKMARK [1][-]{section.1.1}{\376\377\0001\000.\0001\000\040\000H\000o\000w\000\040\000t\000o\000\040\000s\000e\000t\000u\000p\000\040\000t\000h\000e\000\040\000p\000r\000o\000g\000r\000a\000m\000m\000i\000n\000g\000\040\000e\000n\000v\000i\000r\000o\000n\000m\000e\000n\000t}{chapter.1}% 2
\BOOKMARK [2][-]{subsection.1.1.1}{\376\377\0001\000.\0001\000.\0001\000\040\000V\000i\000s\000u\000a\000l\000\040\000S\000t\000u\000d\000i\000o\000\040\000a\000n\000d\000\040\000C\000m\000a\000k\000e}{section.1.1}% 3
\BOOKMARK [2][-]{subsection.1.1.2}{\376\377\0001\000.\0001\000.\0002\000\040\000T\000u\000r\000n\000t\000a\000b\000l\000e\000\040\000H\000W\000-\000C\000o\000n\000t\000r\000o\000l}{section.1.1}% 4
\BOOKMARK [2][-]{subsection.1.1.3}{\376\377\0001\000.\0001\000.\0003\000\040\000R\000e\000a\000l\000s\000e\000n\000s\000e\000\040\000S\000D\000K}{section.1.1}% 5
\BOOKMARK [2][-]{subsection.1.1.4}{\376\377\0001\000.\0001\000.\0004\000\040\000P\000o\000i\000n\000t\000\040\000C\000l\000o\000u\000d\000\040\000L\000i\000b\000r\000a\000r\000y}{section.1.1}% 6
\BOOKMARK [2][-]{subsection.1.1.5}{\376\377\0001\000.\0001\000.\0005\000\040\000O\000p\000e\000n\000\040\000C\000V}{section.1.1}% 7
\BOOKMARK [2][-]{subsection.1.1.6}{\376\377\0001\000.\0001\000.\0006\000\040\000J\000T\000\040\000O\000p\000e\000n\000\040\000L\000i\000b\000r\000a\000r\000y}{section.1.1}% 8
\BOOKMARK [0][-]{chapter.2}{\376\377\0002\000\040\000C\000l\000a\000s\000s\000\040\000I\000n\000d\000e\000x}{}% 9
\BOOKMARK [1][-]{section.2.1}{\376\377\0002\000.\0001\000\040\000C\000l\000a\000s\000s\000\040\000L\000i\000s\000t}{chapter.2}% 10
\BOOKMARK [0][-]{chapter.3}{\376\377\0003\000\040\000C\000l\000a\000s\000s\000\040\000D\000o\000c\000u\000m\000e\000n\000t\000a\000t\000i\000o\000n}{}% 11
\BOOKMARK [1][-]{section.3.1}{\376\377\0003\000.\0001\000\040\000C\000o\000m\000p\000a\000r\000i\000s\000o\000n\000\040\000C\000l\000a\000s\000s\000\040\000R\000e\000f\000e\000r\000e\000n\000c\000e}{chapter.3}% 12
\BOOKMARK [2][-]{subsection.3.1.1}{\376\377\0003\000.\0001\000.\0001\000\040\000D\000e\000t\000a\000i\000l\000e\000d\000\040\000D\000e\000s\000c\000r\000i\000p\000t\000i\000o\000n}{section.3.1}% 13
\BOOKMARK [2][-]{subsection.3.1.2}{\376\377\0003\000.\0001\000.\0002\000\040\000C\000o\000n\000s\000t\000r\000u\000c\000t\000o\000r\000\040\000\046\000\040\000D\000e\000s\000t\000r\000u\000c\000t\000o\000r\000\040\000D\000o\000c\000u\000m\000e\000n\000t\000a\000t\000i\000o\000n}{section.3.1}% 14
\BOOKMARK [3][-]{subsubsection.3.1.2.1}{\376\377\0003\000.\0001\000.\0002\000.\0001\000\040\000C\000o\000m\000p\000a\000r\000i\000s\000o\000n\000\050\000\051}{subsection.3.1.2}% 15
\BOOKMARK [2][-]{subsection.3.1.3}{\376\377\0003\000.\0001\000.\0003\000\040\000M\000e\000m\000b\000e\000r\000\040\000F\000u\000n\000c\000t\000i\000o\000n\000\040\000D\000o\000c\000u\000m\000e\000n\000t\000a\000t\000i\000o\000n}{section.3.1}% 16
\BOOKMARK [3][-]{subsubsection.3.1.3.1}{\376\377\0003\000.\0001\000.\0003\000.\0001\000\040\000c\000h\000e\000c\000k\000T\000o\000l\000e\000r\000a\000n\000c\000e\000s\000\050\000\051}{subsection.3.1.3}% 17
\BOOKMARK [3][-]{subsubsection.3.1.3.2}{\376\377\0003\000.\0001\000.\0003\000.\0002\000\040\000f\000i\000n\000d\000C\000i\000r\000c\000l\000e\000\050\000\051}{subsection.3.1.3}% 18
\BOOKMARK [3][-]{subsubsection.3.1.3.3}{\376\377\0003\000.\0001\000.\0003\000.\0003\000\040\000f\000i\000n\000d\000C\000y\000l\000\050\000\051}{subsection.3.1.3}% 19
\BOOKMARK [3][-]{subsubsection.3.1.3.4}{\376\377\0003\000.\0001\000.\0003\000.\0004\000\040\000f\000i\000n\000d\000E\000d\000g\000e\000s\000\050\000\051}{subsection.3.1.3}% 20
\BOOKMARK [3][-]{subsubsection.3.1.3.5}{\376\377\0003\000.\0001\000.\0003\000.\0005\000\040\000f\000i\000n\000d\000F\000e\000a\000t\000u\000r\000e\000\050\000\051}{subsection.3.1.3}% 21
\BOOKMARK [3][-]{subsubsection.3.1.3.6}{\376\377\0003\000.\0001\000.\0003\000.\0006\000\040\000f\000i\000n\000d\000L\000i\000n\000e\000\050\000\051}{subsection.3.1.3}% 22
\BOOKMARK [3][-]{subsubsection.3.1.3.7}{\376\377\0003\000.\0001\000.\0003\000.\0007\000\040\000f\000i\000n\000d\000P\000l\000a\000n\000e\000\050\000\051}{subsection.3.1.3}% 23
\BOOKMARK [3][-]{subsubsection.3.1.3.8}{\376\377\0003\000.\0001\000.\0003\000.\0008\000\040\000h\000a\000u\000s\000d\000o\000r\000f\000f\000\050\000\051\000\040\000[\0001\000/\0002\000]}{subsection.3.1.3}% 24
\BOOKMARK [3][-]{subsubsection.3.1.3.9}{\376\377\0003\000.\0001\000.\0003\000.\0009\000\040\000h\000a\000u\000s\000d\000o\000r\000f\000f\000\050\000\051\000\040\000[\0002\000/\0002\000]}{subsection.3.1.3}% 25
\BOOKMARK [3][-]{subsubsection.3.1.3.10}{\376\377\0003\000.\0001\000.\0003\000.\0001\0000\000\040\000v\000i\000s\000u\000a\000l\000i\000z\000e\000T\000o\000l\000e\000r\000a\000n\000c\000e\000s\000\050\000\051}{subsection.3.1.3}% 26
\BOOKMARK [1][-]{section.3.2}{\376\377\0003\000.\0002\000\040\000D\000e\000p\000t\000h\000c\000a\000m\000\040\000C\000l\000a\000s\000s\000\040\000R\000e\000f\000e\000r\000e\000n\000c\000e}{chapter.3}% 27
\BOOKMARK [2][-]{subsection.3.2.1}{\376\377\0003\000.\0002\000.\0001\000\040\000D\000e\000t\000a\000i\000l\000e\000d\000\040\000D\000e\000s\000c\000r\000i\000p\000t\000i\000o\000n}{section.3.2}% 28
\BOOKMARK [2][-]{subsection.3.2.2}{\376\377\0003\000.\0002\000.\0002\000\040\000C\000o\000n\000s\000t\000r\000u\000c\000t\000o\000r\000\040\000\046\000\040\000D\000e\000s\000t\000r\000u\000c\000t\000o\000r\000\040\000D\000o\000c\000u\000m\000e\000n\000t\000a\000t\000i\000o\000n}{section.3.2}% 29
\BOOKMARK [3][-]{subsubsection.3.2.2.1}{\376\377\0003\000.\0002\000.\0002\000.\0001\000\040\000D\000e\000p\000t\000h\000c\000a\000m\000\050\000\051}{subsection.3.2.2}% 30
\BOOKMARK [2][-]{subsection.3.2.3}{\376\377\0003\000.\0002\000.\0003\000\040\000M\000e\000m\000b\000e\000r\000\040\000F\000u\000n\000c\000t\000i\000o\000n\000\040\000D\000o\000c\000u\000m\000e\000n\000t\000a\000t\000i\000o\000n}{section.3.2}% 31
\BOOKMARK [3][-]{subsubsection.3.2.3.1}{\376\377\0003\000.\0002\000.\0003\000.\0001\000\040\000A\000p\000p\000l\000y\000P\000r\000e\000s\000e\000t\000\050\000\051}{subsection.3.2.3}% 32
\BOOKMARK [3][-]{subsubsection.3.2.3.2}{\376\377\0003\000.\0002\000.\0003\000.\0002\000\040\000c\000a\000l\000i\000b\000r\000a\000t\000e\000E\000x\000t\000r\000i\000n\000s\000i\000c\000s\000\050\000\051}{subsection.3.2.3}% 33
\BOOKMARK [3][-]{subsubsection.3.2.3.3}{\376\377\0003\000.\0002\000.\0003\000.\0003\000\040\000c\000a\000l\000i\000b\000r\000a\000t\000e\000I\000n\000t\000r\000i\000n\000s\000i\000c\000s\000\050\000\051}{subsection.3.2.3}% 34
\BOOKMARK [3][-]{subsubsection.3.2.3.4}{\376\377\0003\000.\0002\000.\0003\000.\0004\000\040\000c\000a\000l\000i\000b\000r\000a\000t\000e\000S\000t\000a\000t\000i\000c\000\050\000\051}{subsection.3.2.3}% 35
\BOOKMARK [3][-]{subsubsection.3.2.3.5}{\376\377\0003\000.\0002\000.\0003\000.\0005\000\040\000c\000r\000e\000a\000t\000e\000P\000C\000L\000P\000o\000i\000n\000t\000C\000l\000o\000u\000d\000\050\000\051}{subsection.3.2.3}% 36
\BOOKMARK [3][-]{subsubsection.3.2.3.6}{\376\377\0003\000.\0002\000.\0003\000.\0006\000\040\000d\000e\000t\000e\000c\000t\000C\000h\000A\000r\000U\000c\000o\000C\000o\000r\000n\000e\000r\000s\000\050\000\051}{subsection.3.2.3}% 37
\BOOKMARK [3][-]{subsubsection.3.2.3.7}{\376\377\0003\000.\0002\000.\0003\000.\0007\000\040\000d\000e\000t\000e\000r\000m\000i\000n\000e\000F\000r\000o\000m\000M\000a\000s\000t\000e\000r\000C\000a\000m\000\050\000\051}{subsection.3.2.3}% 38
\BOOKMARK [3][-]{subsubsection.3.2.3.8}{\376\377\0003\000.\0002\000.\0003\000.\0008\000\040\000e\000s\000t\000i\000m\000a\000t\000e\000E\000x\000t\000r\000i\000n\000s\000i\000c\000s\000\050\000\051}{subsection.3.2.3}% 39
\BOOKMARK [3][-]{subsubsection.3.2.3.9}{\376\377\0003\000.\0002\000.\0003\000.\0009\000\040\000g\000e\000t\000D\000e\000v\000i\000c\000e\000I\000n\000f\000o\000\050\000\051}{subsection.3.2.3}% 40
\BOOKMARK [3][-]{subsubsection.3.2.3.10}{\376\377\0003\000.\0002\000.\0003\000.\0001\0000\000\040\000r\000e\000f\000i\000n\000e\000C\000a\000l\000i\000b\000r\000a\000t\000i\000o\000n\000\050\000\051}{subsection.3.2.3}% 41
\BOOKMARK [3][-]{subsubsection.3.2.3.11}{\376\377\0003\000.\0002\000.\0003\000.\0001\0001\000\040\000r\000e\000m\000o\000v\000e\000B\000a\000c\000k\000g\000r\000o\000u\000n\000d\000\050\000\051}{subsection.3.2.3}% 42
\BOOKMARK [3][-]{subsubsection.3.2.3.12}{\376\377\0003\000.\0002\000.\0003\000.\0001\0002\000\040\000S\000e\000t\000u\000p\000D\000i\000c\000t\000i\000o\000n\000a\000r\000y\000\050\000\051}{subsection.3.2.3}% 43
\BOOKMARK [3][-]{subsubsection.3.2.3.13}{\376\377\0003\000.\0002\000.\0003\000.\0001\0003\000\040\000s\000t\000o\000p\000\050\000\051}{subsection.3.2.3}% 44
\BOOKMARK [3][-]{subsubsection.3.2.3.14}{\376\377\0003\000.\0002\000.\0003\000.\0001\0004\000\040\000t\000r\000a\000n\000s\000f\000o\000r\000m\000a\000t\000i\000o\000n\000E\000r\000r\000o\000r\000\050\000\051}{subsection.3.2.3}% 45
\BOOKMARK [2][-]{subsection.3.2.4}{\376\377\0003\000.\0002\000.\0004\000\040\000M\000e\000m\000b\000e\000r\000\040\000D\000a\000t\000a\000\040\000D\000o\000c\000u\000m\000e\000n\000t\000a\000t\000i\000o\000n}{section.3.2}% 46
\BOOKMARK [3][-]{subsubsection.3.2.4.1}{\376\377\0003\000.\0002\000.\0004\000.\0001\000\040\000b\000a\000c\000k\000g\000r\000o\000u\000n\000d}{subsection.3.2.4}% 47
\BOOKMARK [3][-]{subsubsection.3.2.4.2}{\376\377\0003\000.\0002\000.\0004\000.\0002\000\040\000b\000o\000a\000r\000d}{subsection.3.2.4}% 48
\BOOKMARK [3][-]{subsubsection.3.2.4.3}{\376\377\0003\000.\0002\000.\0004\000.\0003\000\040\000c\000l\000o\000u\000d}{subsection.3.2.4}% 49
\BOOKMARK [3][-]{subsubsection.3.2.4.4}{\376\377\0003\000.\0002\000.\0004\000.\0004\000\040\000c\000l\000o\000u\000d\000R\000G\000B}{subsection.3.2.4}% 50
\BOOKMARK [3][-]{subsubsection.3.2.4.5}{\376\377\0003\000.\0002\000.\0004\000.\0005\000\040\000c\000o\000l\000o\000r\000\137\000m\000a\000t}{subsection.3.2.4}% 51
\BOOKMARK [3][-]{subsubsection.3.2.4.6}{\376\377\0003\000.\0002\000.\0004\000.\0006\000\040\000C\000o\000l\000o\000r\000T\000o\000D\000e\000p\000t\000h}{subsection.3.2.4}% 52
\BOOKMARK [3][-]{subsubsection.3.2.4.7}{\376\377\0003\000.\0002\000.\0004\000.\0007\000\040\000c\000o\000r\000n\000e\000r\000\137\000t\000v\000e\000c\000s}{subsection.3.2.4}% 53
\BOOKMARK [3][-]{subsubsection.3.2.4.8}{\376\377\0003\000.\0002\000.\0004\000.\0008\000\040\000c\000o\000r\000n\000e\000r\000s}{subsection.3.2.4}% 54
\BOOKMARK [3][-]{subsubsection.3.2.4.9}{\376\377\0003\000.\0002\000.\0004\000.\0009\000\040\000D\000e\000t\000e\000c\000t\000e\000d\000M\000a\000r\000k\000e\000r\000s}{subsection.3.2.4}% 55
\BOOKMARK [3][-]{subsubsection.3.2.4.10}{\376\377\0003\000.\0002\000.\0004\000.\0001\0000\000\040\000d\000e\000v}{subsection.3.2.4}% 56
\BOOKMARK [3][-]{subsubsection.3.2.4.11}{\376\377\0003\000.\0002\000.\0004\000.\0001\0001\000\040\000d\000i\000c\000t\000i\000o\000n\000a\000r\000y}{subsection.3.2.4}% 57
\BOOKMARK [3][-]{subsubsection.3.2.4.12}{\376\377\0003\000.\0002\000.\0004\000.\0001\0002\000\040\000D\000i\000s\000t\000o\000r\000t\000i\000o\000n\000C\000o\000e\000f\000f}{subsection.3.2.4}% 58
\BOOKMARK [3][-]{subsubsection.3.2.4.13}{\376\377\0003\000.\0002\000.\0004\000.\0001\0003\000\040\000E\000x\000t\000r\000i\000n\000s\000i\000c\000M\000a\000t\000r\000i\000x}{subsection.3.2.4}% 59
\BOOKMARK [3][-]{subsubsection.3.2.4.14}{\376\377\0003\000.\0002\000.\0004\000.\0001\0004\000\040\000F\000r\000o\000m\000M\000a\000s\000t\000e\000r\000C\000a\000m}{subsection.3.2.4}% 60
\BOOKMARK [3][-]{subsubsection.3.2.4.15}{\376\377\0003\000.\0002\000.\0004\000.\0001\0005\000\040\000i\000d\000s}{subsection.3.2.4}% 61
\BOOKMARK [3][-]{subsubsection.3.2.4.16}{\376\377\0003\000.\0002\000.\0004\000.\0001\0006\000\040\000I\000n\000t\000r\000i\000n\000s\000i\000c\000M\000a\000t\000r\000i\000x}{subsection.3.2.4}% 62
\BOOKMARK [3][-]{subsubsection.3.2.4.17}{\376\377\0003\000.\0002\000.\0004\000.\0001\0007\000\040\000R\000e\000p\000r\000o\000j\000e\000c\000t\000i\000o\000n\000E\000r\000r\000o\000r\000s}{subsection.3.2.4}% 63
\BOOKMARK [1][-]{section.3.3}{\376\377\0003\000.\0003\000\040\000D\000i\000m\000e\000n\000s\000i\000o\000n\000\040\000S\000t\000r\000u\000c\000t\000\040\000R\000e\000f\000e\000r\000e\000n\000c\000e}{chapter.3}% 64
\BOOKMARK [2][-]{subsection.3.3.1}{\376\377\0003\000.\0003\000.\0001\000\040\000D\000e\000t\000a\000i\000l\000e\000d\000\040\000D\000e\000s\000c\000r\000i\000p\000t\000i\000o\000n}{section.3.3}% 65
\BOOKMARK [2][-]{subsection.3.3.2}{\376\377\0003\000.\0003\000.\0002\000\040\000M\000e\000m\000b\000e\000r\000\040\000D\000a\000t\000a\000\040\000D\000o\000c\000u\000m\000e\000n\000t\000a\000t\000i\000o\000n}{section.3.3}% 66
\BOOKMARK [3][-]{subsubsection.3.3.2.1}{\376\377\0003\000.\0003\000.\0002\000.\0001\000\040\000c\000o\000e\000f\000f\000s}{subsection.3.3.2}% 67
\BOOKMARK [3][-]{subsubsection.3.3.2.2}{\376\377\0003\000.\0003\000.\0002\000.\0002\000\040\000i\000d}{subsection.3.3.2}% 68
\BOOKMARK [3][-]{subsubsection.3.3.2.3}{\376\377\0003\000.\0003\000.\0002\000.\0003\000\040\000m\000e\000a\000s\000u\000r\000e\000d}{subsection.3.3.2}% 69
\BOOKMARK [3][-]{subsubsection.3.3.2.4}{\376\377\0003\000.\0003\000.\0002\000.\0004\000\040\000m\000e\000a\000s\000u\000r\000e\000d\000R\000e\000f\000e\000r\000e\000n\000c\000e\000s}{subsection.3.3.2}% 70
\BOOKMARK [3][-]{subsubsection.3.3.2.5}{\376\377\0003\000.\0003\000.\0002\000.\0005\000\040\000o\000k}{subsection.3.3.2}% 71
\BOOKMARK [3][-]{subsubsection.3.3.2.6}{\376\377\0003\000.\0003\000.\0002\000.\0006\000\040\000r\000e\000f\000e\000r\000e\000n\000c\000e\000s}{subsection.3.3.2}% 72
\BOOKMARK [3][-]{subsubsection.3.3.2.7}{\376\377\0003\000.\0003\000.\0002\000.\0007\000\040\000t\000e\000x\000t\000p\000o\000s\000i\000t\000i\000o\000n}{subsection.3.3.2}% 73
\BOOKMARK [3][-]{subsubsection.3.3.2.8}{\376\377\0003\000.\0003\000.\0002\000.\0008\000\040\000t\000y\000p\000e}{subsection.3.3.2}% 74
\BOOKMARK [3][-]{subsubsection.3.3.2.9}{\376\377\0003\000.\0003\000.\0002\000.\0009\000\040\000v\000a\000l\000u\000e}{subsection.3.3.2}% 75
\BOOKMARK [1][-]{section.3.4}{\376\377\0003\000.\0004\000\040\000F\000i\000l\000e\000I\000O\000\040\000C\000l\000a\000s\000s\000\040\000R\000e\000f\000e\000r\000e\000n\000c\000e}{chapter.3}% 76
\BOOKMARK [2][-]{subsection.3.4.1}{\376\377\0003\000.\0004\000.\0001\000\040\000D\000e\000t\000a\000i\000l\000e\000d\000\040\000D\000e\000s\000c\000r\000i\000p\000t\000i\000o\000n}{section.3.4}% 77
\BOOKMARK [2][-]{subsection.3.4.2}{\376\377\0003\000.\0004\000.\0002\000\040\000C\000o\000n\000s\000t\000r\000u\000c\000t\000o\000r\000\040\000\046\000\040\000D\000e\000s\000t\000r\000u\000c\000t\000o\000r\000\040\000D\000o\000c\000u\000m\000e\000n\000t\000a\000t\000i\000o\000n}{section.3.4}% 78
\BOOKMARK [3][-]{subsubsection.3.4.2.1}{\376\377\0003\000.\0004\000.\0002\000.\0001\000\040\000F\000i\000l\000e\000I\000O\000\050\000\051}{subsection.3.4.2}% 79
\BOOKMARK [2][-]{subsection.3.4.3}{\376\377\0003\000.\0004\000.\0003\000\040\000M\000e\000m\000b\000e\000r\000\040\000F\000u\000n\000c\000t\000i\000o\000n\000\040\000D\000o\000c\000u\000m\000e\000n\000t\000a\000t\000i\000o\000n}{section.3.4}% 80
\BOOKMARK [3][-]{subsubsection.3.4.3.1}{\376\377\0003\000.\0004\000.\0003\000.\0001\000\040\000l\000o\000a\000d\000C\000l\000o\000u\000d\000\050\000\051}{subsection.3.4.3}% 81
\BOOKMARK [3][-]{subsubsection.3.4.3.2}{\376\377\0003\000.\0004\000.\0003\000.\0002\000\040\000l\000o\000a\000d\000M\000a\000t\000r\000i\000x\000\050\000\051}{subsection.3.4.3}% 82
\BOOKMARK [3][-]{subsubsection.3.4.3.3}{\376\377\0003\000.\0004\000.\0003\000.\0003\000\040\000l\000o\000a\000d\000P\000a\000r\000a\000m\000e\000t\000e\000r\000s\000\050\000\051}{subsection.3.4.3}% 83
\BOOKMARK [3][-]{subsubsection.3.4.3.4}{\376\377\0003\000.\0004\000.\0003\000.\0004\000\040\000l\000o\000a\000d\000R\000e\000s\000u\000l\000t\000s\000\050\000\051}{subsection.3.4.3}% 84
\BOOKMARK [3][-]{subsubsection.3.4.3.5}{\376\377\0003\000.\0004\000.\0003\000.\0005\000\040\000l\000o\000a\000d\000T\000o\000l\000e\000r\000a\000n\000c\000e\000s\000\050\000\051}{subsection.3.4.3}% 85
\BOOKMARK [3][-]{subsubsection.3.4.3.6}{\376\377\0003\000.\0004\000.\0003\000.\0006\000\040\000q\000u\000e\000r\000y\000S\000c\000a\000l\000i\000n\000g\000\050\000\051}{subsection.3.4.3}% 86
\BOOKMARK [3][-]{subsubsection.3.4.3.7}{\376\377\0003\000.\0004\000.\0003\000.\0007\000\040\000s\000a\000v\000e\000C\000l\000o\000u\000d\000\050\000\051}{subsection.3.4.3}% 87
\BOOKMARK [3][-]{subsubsection.3.4.3.8}{\376\377\0003\000.\0004\000.\0003\000.\0008\000\040\000s\000a\000v\000e\000M\000a\000t\000r\000i\000x\000\050\000\051}{subsection.3.4.3}% 88
\BOOKMARK [3][-]{subsubsection.3.4.3.9}{\376\377\0003\000.\0004\000.\0003\000.\0009\000\040\000s\000a\000v\000e\000P\000a\000r\000a\000m\000e\000t\000e\000r\000s\000\050\000\051}{subsection.3.4.3}% 89
\BOOKMARK [3][-]{subsubsection.3.4.3.10}{\376\377\0003\000.\0004\000.\0003\000.\0001\0000\000\040\000s\000a\000v\000e\000R\000e\000s\000u\000l\000t\000s\000\050\000\051}{subsection.3.4.3}% 90
\BOOKMARK [2][-]{subsection.3.4.4}{\376\377\0003\000.\0004\000.\0004\000\040\000M\000e\000m\000b\000e\000r\000\040\000D\000a\000t\000a\000\040\000D\000o\000c\000u\000m\000e\000n\000t\000a\000t\000i\000o\000n}{section.3.4}% 91
\BOOKMARK [3][-]{subsubsection.3.4.4.1}{\376\377\0003\000.\0004\000.\0004\000.\0001\000\040\000t\000o\000l\000e\000r\000a\000n\000c\000e\000s}{subsection.3.4.4}% 92
\BOOKMARK [1][-]{section.3.5}{\376\377\0003\000.\0005\000\040\000M\000e\000n\000u\000\040\000C\000l\000a\000s\000s\000\040\000R\000e\000f\000e\000r\000e\000n\000c\000e}{chapter.3}% 93
\BOOKMARK [2][-]{subsection.3.5.1}{\376\377\0003\000.\0005\000.\0001\000\040\000D\000e\000t\000a\000i\000l\000e\000d\000\040\000D\000e\000s\000c\000r\000i\000p\000t\000i\000o\000n}{section.3.5}% 94
\BOOKMARK [2][-]{subsection.3.5.2}{\376\377\0003\000.\0005\000.\0002\000\040\000C\000o\000n\000s\000t\000r\000u\000c\000t\000o\000r\000\040\000\046\000\040\000D\000e\000s\000t\000r\000u\000c\000t\000o\000r\000\040\000D\000o\000c\000u\000m\000e\000n\000t\000a\000t\000i\000o\000n}{section.3.5}% 95
\BOOKMARK [3][-]{subsubsection.3.5.2.1}{\376\377\0003\000.\0005\000.\0002\000.\0001\000\040\000M\000e\000n\000u\000\050\000\051}{subsection.3.5.2}% 96
\BOOKMARK [2][-]{subsection.3.5.3}{\376\377\0003\000.\0005\000.\0003\000\040\000M\000e\000m\000b\000e\000r\000\040\000F\000u\000n\000c\000t\000i\000o\000n\000\040\000D\000o\000c\000u\000m\000e\000n\000t\000a\000t\000i\000o\000n}{section.3.5}% 97
\BOOKMARK [3][-]{subsubsection.3.5.3.1}{\376\377\0003\000.\0005\000.\0003\000.\0001\000\040\000d\000i\000s\000p\000l\000a\000y\000I\000n\000t\000r\000o\000\050\000\051}{subsection.3.5.3}% 98
\BOOKMARK [3][-]{subsubsection.3.5.3.2}{\376\377\0003\000.\0005\000.\0003\000.\0002\000\040\000e\000x\000t\000r\000i\000n\000s\000i\000c\000s\000\050\000\051}{subsection.3.5.3}% 99
\BOOKMARK [3][-]{subsubsection.3.5.3.3}{\376\377\0003\000.\0005\000.\0003\000.\0003\000\040\000h\000a\000u\000s\000d\000o\000r\000f\000f\000\050\000\051}{subsection.3.5.3}% 100
\BOOKMARK [3][-]{subsubsection.3.5.3.4}{\376\377\0003\000.\0005\000.\0003\000.\0004\000\040\000i\000n\000t\000r\000i\000n\000s\000i\000c\000s\000\050\000\051}{subsection.3.5.3}% 101
\BOOKMARK [3][-]{subsubsection.3.5.3.5}{\376\377\0003\000.\0005\000.\0003\000.\0005\000\040\000m\000e\000r\000g\000e\000\050\000\051}{subsection.3.5.3}% 102
\BOOKMARK [3][-]{subsubsection.3.5.3.6}{\376\377\0003\000.\0005\000.\0003\000.\0006\000\040\000r\000e\000c\000o\000n\000n\000e\000c\000t\000\050\000\051}{subsection.3.5.3}% 103
\BOOKMARK [3][-]{subsubsection.3.5.3.7}{\376\377\0003\000.\0005\000.\0003\000.\0007\000\040\000r\000e\000c\000o\000r\000d\000\050\000\051}{subsection.3.5.3}% 104
\BOOKMARK [3][-]{subsubsection.3.5.3.8}{\376\377\0003\000.\0005\000.\0003\000.\0008\000\040\000r\000e\000g\000i\000s\000t\000r\000a\000t\000i\000o\000n\000\050\000\051}{subsection.3.5.3}% 105
\BOOKMARK [3][-]{subsubsection.3.5.3.9}{\376\377\0003\000.\0005\000.\0003\000.\0009\000\040\000s\000e\000t\000t\000i\000n\000g\000s\000\050\000\051}{subsection.3.5.3}% 106
\BOOKMARK [3][-]{subsubsection.3.5.3.10}{\376\377\0003\000.\0005\000.\0003\000.\0001\0000\000\040\000s\000n\000a\000p\000\050\000\051}{subsection.3.5.3}% 107
\BOOKMARK [3][-]{subsubsection.3.5.3.11}{\376\377\0003\000.\0005\000.\0003\000.\0001\0001\000\040\000t\000o\000l\000e\000r\000a\000n\000c\000e\000s\000\050\000\051}{subsection.3.5.3}% 108
\BOOKMARK [3][-]{subsubsection.3.5.3.12}{\376\377\0003\000.\0005\000.\0003\000.\0001\0002\000\040\000v\000i\000e\000w\000\050\000\051}{subsection.3.5.3}% 109
\BOOKMARK [1][-]{section.3.6}{\376\377\0003\000.\0006\000\040\000R\000e\000g\000i\000s\000t\000r\000a\000t\000i\000o\000n\000\040\000C\000l\000a\000s\000s\000\040\000R\000e\000f\000e\000r\000e\000n\000c\000e}{chapter.3}% 110
\BOOKMARK [2][-]{subsection.3.6.1}{\376\377\0003\000.\0006\000.\0001\000\040\000D\000e\000t\000a\000i\000l\000e\000d\000\040\000D\000e\000s\000c\000r\000i\000p\000t\000i\000o\000n}{section.3.6}% 111
\BOOKMARK [2][-]{subsection.3.6.2}{\376\377\0003\000.\0006\000.\0002\000\040\000C\000o\000n\000s\000t\000r\000u\000c\000t\000o\000r\000\040\000\046\000\040\000D\000e\000s\000t\000r\000u\000c\000t\000o\000r\000\040\000D\000o\000c\000u\000m\000e\000n\000t\000a\000t\000i\000o\000n}{section.3.6}% 112
\BOOKMARK [3][-]{subsubsection.3.6.2.1}{\376\377\0003\000.\0006\000.\0002\000.\0001\000\040\000R\000e\000g\000i\000s\000t\000r\000a\000t\000i\000o\000n\000\050\000\051}{subsection.3.6.2}% 113
\BOOKMARK [2][-]{subsection.3.6.3}{\376\377\0003\000.\0006\000.\0003\000\040\000M\000e\000m\000b\000e\000r\000\040\000F\000u\000n\000c\000t\000i\000o\000n\000\040\000D\000o\000c\000u\000m\000e\000n\000t\000a\000t\000i\000o\000n}{section.3.6}% 114
\BOOKMARK [3][-]{subsubsection.3.6.3.1}{\376\377\0003\000.\0006\000.\0003\000.\0001\000\040\000c\000l\000o\000u\000d\000R\000e\000g\000i\000s\000t\000r\000a\000t\000i\000o\000n\000\050\000\051}{subsection.3.6.3}% 115
\BOOKMARK [3][-]{subsubsection.3.6.3.2}{\376\377\0003\000.\0006\000.\0003\000.\0002\000\040\000d\000e\000m\000e\000a\000n\000\050\000\051}{subsection.3.6.3}% 116
\BOOKMARK [3][-]{subsubsection.3.6.3.3}{\376\377\0003\000.\0006\000.\0003\000.\0003\000\040\000d\000o\000w\000n\000s\000a\000m\000p\000l\000e\000\050\000\051}{subsection.3.6.3}% 117
\BOOKMARK [3][-]{subsubsection.3.6.3.4}{\376\377\0003\000.\0006\000.\0003\000.\0004\000\040\000f\000i\000n\000d\000I\000n\000i\000t\000i\000a\000l\000G\000u\000e\000s\000s\000\050\000\051}{subsection.3.6.3}% 118
\BOOKMARK [3][-]{subsubsection.3.6.3.5}{\376\377\0003\000.\0006\000.\0003\000.\0005\000\040\000g\000e\000t\000L\000o\000c\000a\000l\000F\000e\000a\000t\000u\000r\000e\000s\000\050\000\051}{subsection.3.6.3}% 119
\BOOKMARK [3][-]{subsubsection.3.6.3.6}{\376\377\0003\000.\0006\000.\0003\000.\0006\000\040\000g\000e\000t\000N\000o\000r\000m\000a\000l\000s\000\050\000\051}{subsection.3.6.3}% 120
\BOOKMARK [3][-]{subsubsection.3.6.3.7}{\376\377\0003\000.\0006\000.\0003\000.\0007\000\040\000p\000o\000s\000t\000p\000r\000o\000c\000e\000s\000s\000\050\000\051}{subsection.3.6.3}% 121
\BOOKMARK [1][-]{section.3.7}{\376\377\0003\000.\0007\000\040\000V\000i\000s\000u\000a\000l\000\040\000C\000l\000a\000s\000s\000\040\000R\000e\000f\000e\000r\000e\000n\000c\000e}{chapter.3}% 122
\BOOKMARK [2][-]{subsection.3.7.1}{\376\377\0003\000.\0007\000.\0001\000\040\000D\000e\000t\000a\000i\000l\000e\000d\000\040\000D\000e\000s\000c\000r\000i\000p\000t\000i\000o\000n}{section.3.7}% 123
\BOOKMARK [2][-]{subsection.3.7.2}{\376\377\0003\000.\0007\000.\0002\000\040\000C\000o\000n\000s\000t\000r\000u\000c\000t\000o\000r\000\040\000\046\000\040\000D\000e\000s\000t\000r\000u\000c\000t\000o\000r\000\040\000D\000o\000c\000u\000m\000e\000n\000t\000a\000t\000i\000o\000n}{section.3.7}% 124
\BOOKMARK [3][-]{subsubsection.3.7.2.1}{\376\377\0003\000.\0007\000.\0002\000.\0001\000\040\000V\000i\000s\000u\000a\000l\000\050\000\051\000\040\000[\0001\000/\0005\000]}{subsection.3.7.2}% 125
\BOOKMARK [3][-]{subsubsection.3.7.2.2}{\376\377\0003\000.\0007\000.\0002\000.\0002\000\040\000V\000i\000s\000u\000a\000l\000\050\000\051\000\040\000[\0002\000/\0005\000]}{subsection.3.7.2}% 126
\BOOKMARK [3][-]{subsubsection.3.7.2.3}{\376\377\0003\000.\0007\000.\0002\000.\0003\000\040\000V\000i\000s\000u\000a\000l\000\050\000\051\000\040\000[\0003\000/\0005\000]}{subsection.3.7.2}% 127
\BOOKMARK [3][-]{subsubsection.3.7.2.4}{\376\377\0003\000.\0007\000.\0002\000.\0004\000\040\000V\000i\000s\000u\000a\000l\000\050\000\051\000\040\000[\0004\000/\0005\000]}{subsection.3.7.2}% 128
\BOOKMARK [3][-]{subsubsection.3.7.2.5}{\376\377\0003\000.\0007\000.\0002\000.\0005\000\040\000V\000i\000s\000u\000a\000l\000\050\000\051\000\040\000[\0005\000/\0005\000]}{subsection.3.7.2}% 129
\BOOKMARK [2][-]{subsection.3.7.3}{\376\377\0003\000.\0007\000.\0003\000\040\000M\000e\000m\000b\000e\000r\000\040\000F\000u\000n\000c\000t\000i\000o\000n\000\040\000D\000o\000c\000u\000m\000e\000n\000t\000a\000t\000i\000o\000n}{section.3.7}% 130
\BOOKMARK [3][-]{subsubsection.3.7.3.1}{\376\377\0003\000.\0007\000.\0003\000.\0001\000\040\000a\000d\000d\000N\000o\000r\000m\000a\000l\000s\000\050\000\051}{subsection.3.7.3}% 131
\BOOKMARK [3][-]{subsubsection.3.7.3.2}{\376\377\0003\000.\0007\000.\0003\000.\0002\000\040\000a\000d\000d\000T\000e\000x\000t\000\050\000\051\000\040\000[\0001\000/\0002\000]}{subsection.3.7.3}% 132
\BOOKMARK [3][-]{subsubsection.3.7.3.3}{\376\377\0003\000.\0007\000.\0003\000.\0003\000\040\000a\000d\000d\000T\000e\000x\000t\000\050\000\051\000\040\000[\0002\000/\0002\000]}{subsection.3.7.3}% 133
\BOOKMARK [3][-]{subsubsection.3.7.3.4}{\376\377\0003\000.\0007\000.\0003\000.\0004\000\040\000c\000l\000o\000s\000e\000V\000i\000e\000w\000e\000r\000\050\000\051}{subsection.3.7.3}% 134
\BOOKMARK [3][-]{subsubsection.3.7.3.5}{\376\377\0003\000.\0007\000.\0003\000.\0005\000\040\000p\000r\000o\000c\000e\000s\000s\000O\000u\000t\000p\000u\000t\000\050\000\051}{subsection.3.7.3}% 135
\BOOKMARK [3][-]{subsubsection.3.7.3.6}{\376\377\0003\000.\0007\000.\0003\000.\0006\000\040\000u\000p\000d\000a\000t\000e\000C\000l\000o\000u\000d\000\050\000\051\000\040\000[\0001\000/\0004\000]}{subsection.3.7.3}% 136
\BOOKMARK [3][-]{subsubsection.3.7.3.7}{\376\377\0003\000.\0007\000.\0003\000.\0007\000\040\000u\000p\000d\000a\000t\000e\000C\000l\000o\000u\000d\000\050\000\051\000\040\000[\0002\000/\0004\000]}{subsection.3.7.3}% 137
\BOOKMARK [3][-]{subsubsection.3.7.3.8}{\376\377\0003\000.\0007\000.\0003\000.\0008\000\040\000u\000p\000d\000a\000t\000e\000C\000l\000o\000u\000d\000\050\000\051\000\040\000[\0003\000/\0004\000]}{subsection.3.7.3}% 138
\BOOKMARK [3][-]{subsubsection.3.7.3.9}{\376\377\0003\000.\0007\000.\0003\000.\0009\000\040\000u\000p\000d\000a\000t\000e\000C\000l\000o\000u\000d\000\050\000\051\000\040\000[\0004\000/\0004\000]}{subsection.3.7.3}% 139
\BOOKMARK [0][-]{section*.10}{\376\377\000I\000n\000d\000e\000x}{}% 140
